
Trigger.dev (4.4.6)
------------------------------------------------------
[90m┌[39m  Deploying project
[90m│[39m
[32m◇[39m  Building trigger code
[90m│[39m
[90m│[39m  Successfully built code
[90m│[39m
[32m◇[39m  Building version 20260608.3
[90m│[39m
[90m│[39m  Building version 20260608.3: #1 [depot] launching amd64 machine
[90m│[39m
[90m│[39m  Building version 20260608.3: #1 DONE 8.2s
[90m│[39m
[90m│[39m  Building version 20260608.3: #2 [depot] connecting to amd64 machine
[90m│[39m
[90m│[39m  Building version 20260608.3: #2 DONE 0.4s
[90m│[39m
[90m│[39m  Building version 20260608.3: #3 [internal] fetching git attributes
[90m│[39m
[90m│[39m  Building version 20260608.3: #3 DONE 0.5s
[90m│[39m
[90m│[39m  Building version 20260608.3: #4 [internal] load build definition from Containerfile
[90m│[39m
[90m│[39m  Building version 20260608.3: #4 transferring dockerfile:
[90m│[39m
[90m│[39m  Building version 20260608.3: #4 transferring dockerfile: 3.21kB 0.3s done
[90m│[39m
[90m│[39m  Building version 20260608.3: #4 DONE 1.1s
[90m│[39m
[90m│[39m  Building version 20260608.3: #5 resolve image config for docker-image://docker.io/docker/dockerfile:1
[90m│[39m
[90m│[39m  Building version 20260608.3: #5 DONE 0.7s
[90m│[39m
[90m│[39m  Building version 20260608.3: #6 docker-image://docker.io/docker/dockerfile:1@sha256:87999aa3d42bdc6bea60565083ee17e86d1f3339802f543c0d03998580f9cb89
[90m│[39m
[90m│[39m  Building version 20260608.3: #6 resolve docker.io/docker/dockerfile:1@sha256:87999aa3d42bdc6bea60565083ee17e86d1f3339802f543c0d03998580f9cb89 0.0s done
[90m│[39m
[90m│[39m  Building version 20260608.3: #6 CACHED
[90m│[39m
[90m│[39m  Building version 20260608.3: #4 [internal] load build definition from Containerfile
[90m│[39m
[90m│[39m  Building version 20260608.3: #4 transferring dockerfile: 3.21kB 0.3s done
[90m│[39m
[90m│[39m  Building version 20260608.3: #4 DONE 1.1s
[90m│[39m
[90m│[39m  Building version 20260608.3: #7 [internal] load build definition from Containerfile
[90m│[39m
[90m│[39m  Building version 20260608.3: #7 Deduplicating step ID [internal] load build definition from Containerfile, another build is calculating it done
[90m│[39m
[90m│[39m  Building version 20260608.3: #7 DONE 0.0s
[90m│[39m
[90m│[39m  Building version 20260608.3: #8 [internal] load metadata for docker.io/library/node:21.7.3-bookworm-slim@sha256:dfc05dee209a1d7adf2ef189bd97396daad4e97c6eaa85778d6f75205ba1b0fb
[90m│[39m
[90m│[39m  Building version 20260608.3: #8 DONE 0.5s
[90m│[39m
[90m│[39m  Building version 20260608.3: #9 [internal] load .dockerignore
[90m│[39m
[90m│[39m  Building version 20260608.3: #9 transferring context:
[90m│[39m
[90m│[39m  Building version 20260608.3: #9 transferring context: 2B 0.2s done
[90m│[39m
[90m│[39m  Building version 20260608.3: #9 DONE 1.0s
[90m│[39m
[90m│[39m  Building version 20260608.3: #10 [base 1/2] FROM docker.io/library/node:21.7.3-bookworm-slim@sha256:dfc05dee209a1d7adf2ef189bd97396daad4e97c6eaa85778d6f75205ba1b0fb
[90m│[39m
[90m│[39m  Building version 20260608.3: #10 resolve docker.io/library/node:21.7.3-bookworm-slim@sha256:dfc05dee209a1d7adf2ef189bd97396daad4e97c6eaa85778d6f75205ba1b0fb 0.0s done
[90m│[39m
[90m│[39m  Building version 20260608.3: #10 DONE 0.0s
[90m│[39m
[90m│[39m  Building version 20260608.3: #11 [internal] load build context
[90m│[39m
[90m│[39m  Building version 20260608.3: #11 transferring context: 2.53MB 3.3s
[90m│[39m
[90m│[39m  Building version 20260608.3: #11 transferring context: 8.39MB 8.4s
[90m│[39m
[90m│[39m  Building version 20260608.3: #11 transferring context: 13.64MB 13.5s
[90m│[39m
[90m│[39m  Building version 20260608.3: #11 transferring context: 21.17MB 18.7s
[90m│[39m
[90m│[39m  Building version 20260608.3: #11 transferring context: 23.95MB 21.1s done
[90m│[39m
[90m│[39m  Building version 20260608.3: #11 DONE 21.9s
[90m│[39m
[90m│[39m  Building version 20260608.3: #12 [base 2/2] RUN apt-get update &&   apt-get --fix-broken install -y &&   apt-get install -y --no-install-recommends busybox ca-certificates dumb-init git openssl ffmpeg libnss3 libnspr4 libdbus-1-3 libatk1.0-0 libatk-bridge2.0-0 libgbm1 libasound2 libxrandr2 libxkbcommon0 libxfixes3 libxcomposite1 libxdamage1 libpango-1.0-0 libcairo2 libcups2 libatspi2.0-0 &&   apt-get clean && rm -rf /var/lib/apt/lists/*
[90m│[39m
[90m│[39m  Building version 20260608.3: #12 CACHED
[90m│[39m
[90m│[39m  Building version 20260608.3: #13 [build 1/6] RUN apt-get update &&   apt-get install -y --no-install-recommends python3 make g++ &&   apt-get clean &&   rm -rf /var/lib/apt/lists/*
[90m│[39m
[90m│[39m  Building version 20260608.3: #13 CACHED
[90m│[39m
[90m│[39m  Building version 20260608.3: #14 [build 2/6] WORKDIR /app
[90m│[39m
[90m│[39m  Building version 20260608.3: #14 CACHED
[90m│[39m
[90m│[39m  Building version 20260608.3: #15 [build 3/6] COPY --chown=node:node package.json ./
[90m│[39m
[90m│[39m  Building version 20260608.3: #15 CACHED
[90m│[39m
[90m│[39m  Building version 20260608.3: #16 [build 4/6] RUN npm i --no-audit --no-fund --no-save --no-package-lock
[90m│[39m
[90m│[39m  Building version 20260608.3: #16 CACHED
[90m│[39m
[90m│[39m  Building version 20260608.3: #17 [build 5/6] COPY --chown=node:node . .
[90m│[39m
[90m│[39m  Building version 20260608.3: #17 DONE 0.1s
[90m│[39m
[90m│[39m  Building version 20260608.3: #18 [build 6/6] COPY --chown=node:node . .
[90m│[39m
[90m│[39m  Building version 20260608.3: #18 DONE 0.2s
[90m│[39m
[90m│[39m  Building version 20260608.3: #19 [indexer 1/2] WORKDIR /app
[90m│[39m
[90m│[39m  Building version 20260608.3: #19 DONE 0.1s
[90m│[39m
[90m│[39m  Building version 20260608.3: #20 [indexer 2/2] RUN node /app/AppData/Local/npm-cache/_npx/c685fe487f03c925/node_modules/trigger.dev/dist/esm/entryPoints/managed-index-controller.mjs
[90m│[39m
[90m│[39m  Building version 20260608.3: #20 1.120 Writing index.json /app
[90m│[39m
[90m│[39m  Building version 20260608.3: #20 1.891 {"message":"Background worker created","buildPlatform":"linux/amd64","targetPlatform":"linux/amd64","createResponse":{"id":"worker_cmq4isijl2rzn0uodcz4882eo","version":"20260608.3","contentHash":"ffda5a17e4186d419627a02899f19946"}}
[90m│[39m
[90m│[39m  Building version 20260608.3: #20 DONE 1.9s
[90m│[39m
[90m│[39m  Building version 20260608.3: #21 [final 1/3] WORKDIR /app
[90m│[39m
[90m│[39m  Building version 20260608.3: #21 CACHED
[90m│[39m
[90m│[39m  Building version 20260608.3: #22 [final 2/3] COPY --from=build --chown=node:node /app ./
[90m│[39m
[90m│[39m  Building version 20260608.3: #22 DONE 1.5s
[90m│[39m
[90m│[39m  Building version 20260608.3: #23 [final 3/3] COPY --from=indexer --chown=node:node /app/index.json ./
[90m│[39m
[90m│[39m  Building version 20260608.3: #23 DONE 0.2s
[90m│[39m
[90m│[39m  Building version 20260608.3: #24 exporting to image
[90m│[39m
[90m│[39m  Building version 20260608.3: #24 exporting layers
[90m│[39m
[90m│[39m  Building version 20260608.3: #24 exporting layers 1.8s done
[90m│[39m
[90m│[39m  Building version 20260608.3: #24 rewriting layers with source-date-epoch 0 (1970-01-01 00:00:00 +0000 UTC)
[90m│[39m
[90m│[39m  Building version 20260608.3: #24 rewriting layers with source-date-epoch 0 (1970-01-01 00:00:00 +0000 UTC) 3.1s done
[90m│[39m
[90m│[39m  Building version 20260608.3: #24 exporting manifest sha256:f24cd017ee29bef4844f13242ea65391ee5efcd7c20d304fc472a362f55af933 0.0s done
[90m│[39m
[90m│[39m  Building version 20260608.3: #24 exporting config sha256:48e679ed10d9c123beb7e130926a35b615590f63e1649ef14019dae7ebeec95f 0.0s done
[90m│[39m
[90m│[39m  Building version 20260608.3: #24 pushing layers for registry.depot.dev/0rqdzkzf7w:m4ftt6z3s6@sha256:f24cd017ee29bef4844f13242ea65391ee5efcd7c20d304fc472a362f55af933
[90m│[39m
[90m│[39m  Building version 20260608.3: #24 pushing layer sha256:48e679ed10d9c123beb7e130926a35b615590f63e1649ef14019dae7ebeec95f
[90m│[39m
[90m│[39m  Building version 20260608.3: #24 pushing layer sha256:67979aa501f2009c8d125389cf59a55c3c86cff679c72c140302de7c21b308a4
[90m│[39m
[90m│[39m  Building version 20260608.3: #24 pushing layer sha256:2d75cf493b45287f365fcc6330ae68dff1a857ca09b62caf95bde44e33a4eaae
[90m│[39m
[90m│[39m  Building version 20260608.3: #24 pushing layer sha256:051a5a7c568f376685032d55fb20fbe5e44d4b0958759c7b7540907a6e9c78a0
[90m│[39m
[90m│[39m  Building version 20260608.3: #24 pushing layer sha256:f304b4a41daadb2e344f335057c71d612cb60027408bce6e2f368530478f0c7b
[90m│[39m
[90m│[39m  Building version 20260608.3: #24 pushing layer sha256:5c288477bc58cad135aaff9b27580f617e25daa92f171dca3610c984d2af6104
[90m│[39m
[90m│[39m  Building version 20260608.3: #24 pushing layer sha256:e515f2236c81e25096cb4253b6003de942c91b2256f7bfd12285e93ad88cc690
[90m│[39m
[90m│[39m  Building version 20260608.3: #24 pushing layer sha256:ee5f447b414e35eb93aa9645b225df21e7a6b6a5b4f77b1fb4b24f650298efbf
[90m│[39m
[90m│[39m  Building version 20260608.3: #24 pushing layer sha256:dde5360d7a53b3c7a179388037b2f93c35cd800f60ae4dded56ca07008e288c6
[90m│[39m
[90m│[39m  Building version 20260608.3: #24 pushing layer sha256:dac03fe0186ea04077a014a9e0f873dc323e4008cf201570d46855ff6419efa8
[90m│[39m
[90m│[39m  Building version 20260608.3: #24 pushing layer sha256:dde5360d7a53b3c7a179388037b2f93c35cd800f60ae4dded56ca07008e288c6 0.4s done
[90m│[39m
[90m│[39m  Building version 20260608.3: #24 pushing layer sha256:f304b4a41daadb2e344f335057c71d612cb60027408bce6e2f368530478f0c7b 0.5s done
[90m│[39m
[90m│[39m  Building version 20260608.3: #24 pushing layer sha256:5c288477bc58cad135aaff9b27580f617e25daa92f171dca3610c984d2af6104 0.5s done
[90m│[39m
[90m│[39m  Building version 20260608.3: #24 pushing layer sha256:2d75cf493b45287f365fcc6330ae68dff1a857ca09b62caf95bde44e33a4eaae 0.7s done
[90m│[39m
[90m│[39m  Building version 20260608.3: #24 pushing layer sha256:67979aa501f2009c8d125389cf59a55c3c86cff679c72c140302de7c21b308a4 0.9s done
[90m│[39m
[90m│[39m  Building version 20260608.3: #24 pushing layer sha256:e515f2236c81e25096cb4253b6003de942c91b2256f7bfd12285e93ad88cc690 1.2s done
[90m│[39m
[90m│[39m  Building version 20260608.3: #24 pushing layer sha256:dac03fe0186ea04077a014a9e0f873dc323e4008cf201570d46855ff6419efa8 1.1s done
[90m│[39m
[90m│[39m  Building version 20260608.3: #24 pushing layer sha256:ee5f447b414e35eb93aa9645b225df21e7a6b6a5b4f77b1fb4b24f650298efbf 1.3s done
[90m│[39m
[90m│[39m  Building version 20260608.3: #24 pushing layer sha256:48e679ed10d9c123beb7e130926a35b615590f63e1649ef14019dae7ebeec95f 1.6s done
[90m│[39m
[90m│[39m  Building version 20260608.3: #24 pushing layers for registry.depot.dev/0rqdzkzf7w:m4ftt6z3s6@sha256:f24cd017ee29bef4844f13242ea65391ee5efcd7c20d304fc472a362f55af933 3.2s done
[90m│[39m
[90m│[39m  Building version 20260608.3: #24 pushing layer sha256:051a5a7c568f376685032d55fb20fbe5e44d4b0958759c7b7540907a6e9c78a0 3.2s done
[90m│[39m
[90m│[39m  Building version 20260608.3: #24 pushing manifest for registry.depot.dev/0rqdzkzf7w:m4ftt6z3s6@sha256:f24cd017ee29bef4844f13242ea65391ee5efcd7c20d304fc472a362f55af933
[90m│[39m
[90m│[39m  Building version 20260608.3: #24 pushing manifest for registry.depot.dev/0rqdzkzf7w:m4ftt6z3s6@sha256:f24cd017ee29bef4844f13242ea65391ee5efcd7c20d304fc472a362f55af933 0.3s done
[90m│[39m
[90m│[39m  Building version 20260608.3: #24 DONE 8.5s
[90m│[39m
[90m│[39m  Building version 20260608.3: Saved target: 
[90m│[39m
[90m│[39m  Building version 20260608.3: 	To pull: depot pull --project 0rqdzkzf7w m4ftt6z3s6
[90m│[39m
[90m│[39m  Building version 20260608.3: 	To push: depot push --project 0rqdzkzf7w --tag <REPOSITORY:TAG> m4ftt6z3s6
[90m│[39m
[90m│[39m  Deploying version 20260608.3
[90m│[39m
[90m│[39m  Deploying version 20260608.3: #1 [depot] Pushing build m4ftt6z3s6 as 878915883288.dkr.ecr.us-east-1.amazonaws.com/deployments-prod/proj_vorkjqmnnpkzoiqqgbuu:20260608.3.production.mglr60if
[90m│[39m
[90m│[39m  Deploying version 20260608.3: #1 Resolving registry.depot.dev/0rqdzkzf7w:m4ftt6z3s6 0.1s done
[90m│[39m
[90m│[39m  Deploying version 20260608.3: #1 Fetching manifest sha256:f24cd017ee29bef4844f13242ea65391ee5efcd7c20d304fc472a362f55af933 0.1s done
[90m│[39m
[90m│[39m  Deploying version 20260608.3: #1 Fetching auth token done
[90m│[39m
[90m│[39m  Deploying version 20260608.3: #1 Pushing blob sha256:48e679ed10d9c123beb7e130926a35b615590f63e1649ef14019dae7ebeec95f
[90m│[39m
[90m│[39m  Deploying version 20260608.3: #1 Pushing blob sha256:dde5360d7a53b3c7a179388037b2f93c35cd800f60ae4dded56ca07008e288c6
[90m│[39m
[90m│[39m  Deploying version 20260608.3: #1 Pushing blob sha256:5c288477bc58cad135aaff9b27580f617e25daa92f171dca3610c984d2af6104
[90m│[39m
[90m│[39m  Deploying version 20260608.3: #1 Pushing blob sha256:051a5a7c568f376685032d55fb20fbe5e44d4b0958759c7b7540907a6e9c78a0
[90m│[39m
[90m│[39m  Deploying version 20260608.3: #1 Pushing blob sha256:67979aa501f2009c8d125389cf59a55c3c86cff679c72c140302de7c21b308a4
[90m│[39m
[90m│[39m  Deploying version 20260608.3: #1 Pushing blob sha256:f304b4a41daadb2e344f335057c71d612cb60027408bce6e2f368530478f0c7b 0.1s done
[90m│[39m
[90m│[39m  Deploying version 20260608.3: #1 Pushing blob sha256:2d75cf493b45287f365fcc6330ae68dff1a857ca09b62caf95bde44e33a4eaae
[90m│[39m
[90m│[39m  Deploying version 20260608.3: #1 Pushing blob sha256:dac03fe0186ea04077a014a9e0f873dc323e4008cf201570d46855ff6419efa8
[90m│[39m
[90m│[39m  Deploying version 20260608.3: #1 Pushing blob sha256:e515f2236c81e25096cb4253b6003de942c91b2256f7bfd12285e93ad88cc690
[90m│[39m
[90m│[39m  Deploying version 20260608.3: #1 Pushing blob sha256:ee5f447b414e35eb93aa9645b225df21e7a6b6a5b4f77b1fb4b24f650298efbf
[90m│[39m
[90m│[39m  Deploying version 20260608.3: #1 Pushing blob sha256:dde5360d7a53b3c7a179388037b2f93c35cd800f60ae4dded56ca07008e288c6 0.1s done
[90m│[39m
[90m│[39m  Deploying version 20260608.3: #1 Pushing blob sha256:5c288477bc58cad135aaff9b27580f617e25daa92f171dca3610c984d2af6104 0.1s done
[90m│[39m
[90m│[39m  Deploying version 20260608.3: #1 Pushing blob sha256:67979aa501f2009c8d125389cf59a55c3c86cff679c72c140302de7c21b308a4 0.1s done
[90m│[39m
[90m│[39m  Deploying version 20260608.3: #1 Pushing blob sha256:2d75cf493b45287f365fcc6330ae68dff1a857ca09b62caf95bde44e33a4eaae 0.1s done
[90m│[39m
[90m│[39m  Deploying version 20260608.3: #1 Pushing blob sha256:dac03fe0186ea04077a014a9e0f873dc323e4008cf201570d46855ff6419efa8 0.1s done
[90m│[39m
[90m│[39m  Deploying version 20260608.3: #1 Pushing blob sha256:e515f2236c81e25096cb4253b6003de942c91b2256f7bfd12285e93ad88cc690 0.1s done
[90m│[39m
[90m│[39m  Deploying version 20260608.3: #1 Pushing blob sha256:ee5f447b414e35eb93aa9645b225df21e7a6b6a5b4f77b1fb4b24f650298efbf 0.1s done
[90m│[39m
[90m│[39m  Deploying version 20260608.3: #1 Pushing blob sha256:48e679ed10d9c123beb7e130926a35b615590f63e1649ef14019dae7ebeec95f 0.6s done
[90m│[39m
[90m│[39m  Deploying version 20260608.3: #1 Pushing blob sha256:051a5a7c568f376685032d55fb20fbe5e44d4b0958759c7b7540907a6e9c78a0 2.7s done
[90m│[39m
[90m│[39m  Deploying version 20260608.3: #1 Pushing manifest sha256:f24cd017ee29bef4844f13242ea65391ee5efcd7c20d304fc472a362f55af933
[90m│[39m
[90m│[39m  Deploying version 20260608.3: #1 Pushing manifest sha256:f24cd017ee29bef4844f13242ea65391ee5efcd7c20d304fc472a362f55af933 0.2s done
[90m│[39m
[90m│[39m  Deploying version 20260608.3: #1 DONE 3.2s
[90m│[39m
[90m│[39m  Successfully deployed version 20260608.3
[90m│[39m
[90m└[39m  Version 20260608.3 deployed with 23 detected tasks 

View deployment
https://cloud.trigger.dev/projects/v3/proj_vorkjqmnnpkzoiqqgbuu/deployments/mglr60if

Test tasks
https://cloud.trigger.dev/projects/v3/proj_vorkjqmnnpkzoiqqgbuu/test?environment=prod
