
Trigger.dev (4.4.6)
------------------------------------------------------
[90m┌[39m  Deploying project
[90m│[39m
[32m◇[39m  Building trigger code
[90m│[39m
[90m│[39m  Successfully built code
[90m│[39m
[32m◇[39m  Building version 20260608.4
[90m│[39m
[90m│[39m  Building version 20260608.4: #1 [depot] launching amd64 machine
[90m│[39m
[90m│[39m  Building version 20260608.4: #1 DONE 5.9s
[90m│[39m
[90m│[39m  Building version 20260608.4: #2 [depot] connecting to amd64 machine
[90m│[39m
[90m│[39m  Building version 20260608.4: #2 DONE 0.4s
[90m│[39m
[90m│[39m  Building version 20260608.4: #3 [internal] fetching git attributes
[90m│[39m
[90m│[39m  Building version 20260608.4: #3 DONE 0.6s
[90m│[39m
[90m│[39m  Building version 20260608.4: #4 [internal] load build definition from Containerfile
[90m│[39m
[90m│[39m  Building version 20260608.4: #4 transferring dockerfile:
[90m│[39m
[90m│[39m  Building version 20260608.4: #4 transferring dockerfile: 3.21kB 0.5s done
[90m│[39m
[90m│[39m  Building version 20260608.4: #4 DONE 0.7s
[90m│[39m
[90m│[39m  Building version 20260608.4: #5 resolve image config for docker-image://docker.io/docker/dockerfile:1
[90m│[39m
[90m│[39m  Building version 20260608.4: #5 DONE 1.0s
[90m│[39m
[90m│[39m  Building version 20260608.4: #6 docker-image://docker.io/docker/dockerfile:1@sha256:87999aa3d42bdc6bea60565083ee17e86d1f3339802f543c0d03998580f9cb89
[90m│[39m
[90m│[39m  Building version 20260608.4: #6 resolve docker.io/docker/dockerfile:1@sha256:87999aa3d42bdc6bea60565083ee17e86d1f3339802f543c0d03998580f9cb89 0.0s done
[90m│[39m
[90m│[39m  Building version 20260608.4: #6 CACHED
[90m│[39m
[90m│[39m  Building version 20260608.4: #7 [internal] load build definition from Containerfile
[90m│[39m
[90m│[39m  Building version 20260608.4: #7 DONE 0.0s
[90m│[39m
[90m│[39m  Building version 20260608.4: #4 [internal] load build definition from Containerfile
[90m│[39m
[90m│[39m  Building version 20260608.4: #4 transferring dockerfile: 3.21kB 0.5s done
[90m│[39m
[90m│[39m  Building version 20260608.4: #4 DONE 0.7s
[90m│[39m
[90m│[39m  Building version 20260608.4: #7 [internal] load build definition from Containerfile
[90m│[39m
[90m│[39m  Building version 20260608.4: #7 Deduplicating step ID [internal] load build definition from Containerfile, another build is calculating it done
[90m│[39m
[90m│[39m  Building version 20260608.4: #7 DONE 0.0s
[90m│[39m
[90m│[39m  Building version 20260608.4: #8 [internal] load metadata for docker.io/library/node:21.7.3-bookworm-slim@sha256:dfc05dee209a1d7adf2ef189bd97396daad4e97c6eaa85778d6f75205ba1b0fb
[90m│[39m
[90m│[39m  Building version 20260608.4: #8 DONE 0.8s
[90m│[39m
[90m│[39m  Building version 20260608.4: #9 [internal] load .dockerignore
[90m│[39m
[90m│[39m  Building version 20260608.4: #9 transferring context:
[90m│[39m
[90m│[39m  Building version 20260608.4: #9 transferring context: 2B 0.3s done
[90m│[39m
[90m│[39m  Building version 20260608.4: #9 DONE 0.4s
[90m│[39m
[90m│[39m  Building version 20260608.4: #10 [base 1/2] FROM docker.io/library/node:21.7.3-bookworm-slim@sha256:dfc05dee209a1d7adf2ef189bd97396daad4e97c6eaa85778d6f75205ba1b0fb
[90m│[39m
[90m│[39m  Building version 20260608.4: #10 resolve docker.io/library/node:21.7.3-bookworm-slim@sha256:dfc05dee209a1d7adf2ef189bd97396daad4e97c6eaa85778d6f75205ba1b0fb 0.0s done
[90m│[39m
[90m│[39m  Building version 20260608.4: #10 DONE 0.0s
[90m│[39m
[90m│[39m  Building version 20260608.4: #11 [internal] load build context
[90m│[39m
[90m│[39m  Building version 20260608.4: #11 transferring context: 5.74MB 4.3s
[90m│[39m
[90m│[39m  Building version 20260608.4: #11 transferring context: 10.36MB 10.5s
[90m│[39m
[90m│[39m  Building version 20260608.4: #11 transferring context: 15.94MB 15.6s
[90m│[39m
[90m│[39m  Building version 20260608.4: #11 transferring context: 23.15MB 20.7s
[90m│[39m
[90m│[39m  Building version 20260608.4: #11 transferring context: 23.95MB 21.5s done
[90m│[39m
[90m│[39m  Building version 20260608.4: #11 DONE 21.7s
[90m│[39m
[90m│[39m  Building version 20260608.4: #12 [base 2/2] RUN apt-get update &&   apt-get --fix-broken install -y &&   apt-get install -y --no-install-recommends busybox ca-certificates dumb-init git openssl ffmpeg libnss3 libnspr4 libdbus-1-3 libatk1.0-0 libatk-bridge2.0-0 libgbm1 libasound2 libxrandr2 libxkbcommon0 libxfixes3 libxcomposite1 libxdamage1 libpango-1.0-0 libcairo2 libcups2 libatspi2.0-0 &&   apt-get clean && rm -rf /var/lib/apt/lists/*
[90m│[39m
[90m│[39m  Building version 20260608.4: #12 CACHED
[90m│[39m
[90m│[39m  Building version 20260608.4: #13 [build 1/6] RUN apt-get update &&   apt-get install -y --no-install-recommends python3 make g++ &&   apt-get clean &&   rm -rf /var/lib/apt/lists/*
[90m│[39m
[90m│[39m  Building version 20260608.4: #13 CACHED
[90m│[39m
[90m│[39m  Building version 20260608.4: #14 [build 2/6] WORKDIR /app
[90m│[39m
[90m│[39m  Building version 20260608.4: #14 CACHED
[90m│[39m
[90m│[39m  Building version 20260608.4: #15 [build 3/6] COPY --chown=node:node package.json ./
[90m│[39m
[90m│[39m  Building version 20260608.4: #15 CACHED
[90m│[39m
[90m│[39m  Building version 20260608.4: #16 [build 4/6] RUN npm i --no-audit --no-fund --no-save --no-package-lock
[90m│[39m
[90m│[39m  Building version 20260608.4: #16 CACHED
[90m│[39m
[90m│[39m  Building version 20260608.4: #17 [build 5/6] COPY --chown=node:node . .
[90m│[39m
[90m│[39m  Building version 20260608.4: #17 DONE 0.1s
[90m│[39m
[90m│[39m  Building version 20260608.4: #18 [build 6/6] COPY --chown=node:node . .
[90m│[39m
[90m│[39m  Building version 20260608.4: #18 DONE 0.2s
[90m│[39m
[90m│[39m  Building version 20260608.4: #19 [indexer 1/2] WORKDIR /app
[90m│[39m
[90m│[39m  Building version 20260608.4: #19 DONE 0.1s
[90m│[39m
[90m│[39m  Building version 20260608.4: #20 [indexer 2/2] RUN node /app/AppData/Local/npm-cache/_npx/c685fe487f03c925/node_modules/trigger.dev/dist/esm/entryPoints/managed-index-controller.mjs
[90m│[39m
[90m│[39m  Building version 20260608.4: #20 1.034 Writing index.json /app
[90m│[39m
[90m│[39m  Building version 20260608.4: #20 2.141 {"message":"Background worker created","buildPlatform":"linux/amd64","targetPlatform":"linux/amd64","createResponse":{"id":"worker_cmq4ixb2y2vr20ikdt20pni6y","version":"20260608.4","contentHash":"6acc232cc0d3b2d784d4f9ca2c5dea71"}}
[90m│[39m
[90m│[39m  Building version 20260608.4: #20 DONE 2.2s
[90m│[39m
[90m│[39m  Building version 20260608.4: #21 [final 1/3] WORKDIR /app
[90m│[39m
[90m│[39m  Building version 20260608.4: #21 CACHED
[90m│[39m
[90m│[39m  Building version 20260608.4: #22 [final 2/3] COPY --from=build --chown=node:node /app ./
[90m│[39m
[90m│[39m  Building version 20260608.4: #22 DONE 1.6s
[90m│[39m
[90m│[39m  Building version 20260608.4: #23 [final 3/3] COPY --from=indexer --chown=node:node /app/index.json ./
[90m│[39m
[90m│[39m  Building version 20260608.4: #23 DONE 0.2s
[90m│[39m
[90m│[39m  Building version 20260608.4: #24 exporting to image
[90m│[39m
[90m│[39m  Building version 20260608.4: #24 exporting layers
[90m│[39m
[90m│[39m  Building version 20260608.4: #24 exporting layers 1.9s done
[90m│[39m
[90m│[39m  Building version 20260608.4: #24 rewriting layers with source-date-epoch 0 (1970-01-01 00:00:00 +0000 UTC)
[90m│[39m
[90m│[39m  Building version 20260608.4: #24 rewriting layers with source-date-epoch 0 (1970-01-01 00:00:00 +0000 UTC) 3.1s done
[90m│[39m
[90m│[39m  Building version 20260608.4: #24 exporting manifest sha256:c213f68f58e59fabff7306caf5a32dac336c10b9ff5af675373a67a15cdd991d 0.0s done
[90m│[39m
[90m│[39m  Building version 20260608.4: #24 exporting config sha256:6fca81df7d45a38ed26564096c3e47cb1af2e91f32f0c3024c837efe99bfaf8a 0.0s done
[90m│[39m
[90m│[39m  Building version 20260608.4: #24 pushing layers for registry.depot.dev/0rqdzkzf7w:qm6lzs623r@sha256:c213f68f58e59fabff7306caf5a32dac336c10b9ff5af675373a67a15cdd991d
[90m│[39m
[90m│[39m  Building version 20260608.4: #24 pushing layer sha256:6fca81df7d45a38ed26564096c3e47cb1af2e91f32f0c3024c837efe99bfaf8a
[90m│[39m
[90m│[39m  Building version 20260608.4: #24 pushing layer sha256:67979aa501f2009c8d125389cf59a55c3c86cff679c72c140302de7c21b308a4
[90m│[39m
[90m│[39m  Building version 20260608.4: #24 pushing layer sha256:e515f2236c81e25096cb4253b6003de942c91b2256f7bfd12285e93ad88cc690
[90m│[39m
[90m│[39m  Building version 20260608.4: #24 pushing layer sha256:2d75cf493b45287f365fcc6330ae68dff1a857ca09b62caf95bde44e33a4eaae
[90m│[39m
[90m│[39m  Building version 20260608.4: #24 pushing layer sha256:dac03fe0186ea04077a014a9e0f873dc323e4008cf201570d46855ff6419efa8
[90m│[39m
[90m│[39m  Building version 20260608.4: #24 pushing layer sha256:bc9053526083aeefcb8c118e764e67d2ad13e0ff37d7c3b92c26579d3f4375d7
[90m│[39m
[90m│[39m  Building version 20260608.4: #24 pushing layer sha256:5c288477bc58cad135aaff9b27580f617e25daa92f171dca3610c984d2af6104
[90m│[39m
[90m│[39m  Building version 20260608.4: #24 pushing layer sha256:dde5360d7a53b3c7a179388037b2f93c35cd800f60ae4dded56ca07008e288c6
[90m│[39m
[90m│[39m  Building version 20260608.4: #24 pushing layer sha256:ee5f447b414e35eb93aa9645b225df21e7a6b6a5b4f77b1fb4b24f650298efbf
[90m│[39m
[90m│[39m  Building version 20260608.4: #24 pushing layer sha256:f304b4a41daadb2e344f335057c71d612cb60027408bce6e2f368530478f0c7b
[90m│[39m
[90m│[39m  Building version 20260608.4: #24 pushing layer sha256:5c288477bc58cad135aaff9b27580f617e25daa92f171dca3610c984d2af6104 0.3s done
[90m│[39m
[90m│[39m  Building version 20260608.4: #24 pushing layer sha256:dde5360d7a53b3c7a179388037b2f93c35cd800f60ae4dded56ca07008e288c6 0.5s done
[90m│[39m
[90m│[39m  Building version 20260608.4: #24 pushing layer sha256:f304b4a41daadb2e344f335057c71d612cb60027408bce6e2f368530478f0c7b 0.6s done
[90m│[39m
[90m│[39m  Building version 20260608.4: #24 pushing layer sha256:dac03fe0186ea04077a014a9e0f873dc323e4008cf201570d46855ff6419efa8 0.7s done
[90m│[39m
[90m│[39m  Building version 20260608.4: #24 pushing layer sha256:ee5f447b414e35eb93aa9645b225df21e7a6b6a5b4f77b1fb4b24f650298efbf 0.8s done
[90m│[39m
[90m│[39m  Building version 20260608.4: #24 pushing layer sha256:67979aa501f2009c8d125389cf59a55c3c86cff679c72c140302de7c21b308a4 0.9s done
[90m│[39m
[90m│[39m  Building version 20260608.4: #24 pushing layer sha256:e515f2236c81e25096cb4253b6003de942c91b2256f7bfd12285e93ad88cc690 1.0s done
[90m│[39m
[90m│[39m  Building version 20260608.4: #24 pushing layer sha256:2d75cf493b45287f365fcc6330ae68dff1a857ca09b62caf95bde44e33a4eaae 1.0s done
[90m│[39m
[90m│[39m  Building version 20260608.4: #24 pushing layer sha256:6fca81df7d45a38ed26564096c3e47cb1af2e91f32f0c3024c837efe99bfaf8a 1.4s done
[90m│[39m
[90m│[39m  Building version 20260608.4: #24 pushing layers for registry.depot.dev/0rqdzkzf7w:qm6lzs623r@sha256:c213f68f58e59fabff7306caf5a32dac336c10b9ff5af675373a67a15cdd991d 4.0s done
[90m│[39m
[90m│[39m  Building version 20260608.4: #24 pushing layer sha256:bc9053526083aeefcb8c118e764e67d2ad13e0ff37d7c3b92c26579d3f4375d7 4.0s done
[90m│[39m
[90m│[39m  Building version 20260608.4: #24 pushing manifest for registry.depot.dev/0rqdzkzf7w:qm6lzs623r@sha256:c213f68f58e59fabff7306caf5a32dac336c10b9ff5af675373a67a15cdd991d
[90m│[39m
[90m│[39m  Building version 20260608.4: #24 pushing manifest for registry.depot.dev/0rqdzkzf7w:qm6lzs623r@sha256:c213f68f58e59fabff7306caf5a32dac336c10b9ff5af675373a67a15cdd991d 0.3s done
[90m│[39m
[90m│[39m  Building version 20260608.4: #24 DONE 9.5s
[90m│[39m
[90m│[39m  Building version 20260608.4: Saved target: 
[90m│[39m
[90m│[39m  Building version 20260608.4: 	To pull: depot pull --project 0rqdzkzf7w qm6lzs623r
[90m│[39m
[90m│[39m  Building version 20260608.4: 	To push: depot push --project 0rqdzkzf7w --tag <REPOSITORY:TAG> qm6lzs623r
[90m│[39m
[90m│[39m  Deploying version 20260608.4
[90m│[39m
[90m│[39m  Deploying version 20260608.4: #1 [depot] Pushing build qm6lzs623r as 878915883288.dkr.ecr.us-east-1.amazonaws.com/deployments-prod/proj_vorkjqmnnpkzoiqqgbuu:20260608.4.production.4hjmfd4d
[90m│[39m
[90m│[39m  Deploying version 20260608.4: #1 Resolving registry.depot.dev/0rqdzkzf7w:qm6lzs623r 0.1s done
[90m│[39m
[90m│[39m  Deploying version 20260608.4: #1 Fetching manifest sha256:c213f68f58e59fabff7306caf5a32dac336c10b9ff5af675373a67a15cdd991d 0.1s done
[90m│[39m
[90m│[39m  Deploying version 20260608.4: #1 Fetching auth token done
[90m│[39m
[90m│[39m  Deploying version 20260608.4: #1 Pushing blob sha256:6fca81df7d45a38ed26564096c3e47cb1af2e91f32f0c3024c837efe99bfaf8a
[90m│[39m
[90m│[39m  Deploying version 20260608.4: #1 Pushing blob sha256:dde5360d7a53b3c7a179388037b2f93c35cd800f60ae4dded56ca07008e288c6
[90m│[39m
[90m│[39m  Deploying version 20260608.4: #1 Pushing blob sha256:dac03fe0186ea04077a014a9e0f873dc323e4008cf201570d46855ff6419efa8
[90m│[39m
[90m│[39m  Deploying version 20260608.4: #1 Pushing blob sha256:e515f2236c81e25096cb4253b6003de942c91b2256f7bfd12285e93ad88cc690
[90m│[39m
[90m│[39m  Deploying version 20260608.4: #1 Pushing blob sha256:ee5f447b414e35eb93aa9645b225df21e7a6b6a5b4f77b1fb4b24f650298efbf 0.1s done
[90m│[39m
[90m│[39m  Deploying version 20260608.4: #1 Pushing blob sha256:5c288477bc58cad135aaff9b27580f617e25daa92f171dca3610c984d2af6104
[90m│[39m
[90m│[39m  Deploying version 20260608.4: #1 Pushing blob sha256:bc9053526083aeefcb8c118e764e67d2ad13e0ff37d7c3b92c26579d3f4375d7
[90m│[39m
[90m│[39m  Deploying version 20260608.4: #1 Pushing blob sha256:67979aa501f2009c8d125389cf59a55c3c86cff679c72c140302de7c21b308a4
[90m│[39m
[90m│[39m  Deploying version 20260608.4: #1 Pushing blob sha256:f304b4a41daadb2e344f335057c71d612cb60027408bce6e2f368530478f0c7b
[90m│[39m
[90m│[39m  Deploying version 20260608.4: #1 Pushing blob sha256:2d75cf493b45287f365fcc6330ae68dff1a857ca09b62caf95bde44e33a4eaae
[90m│[39m
[90m│[39m  Deploying version 20260608.4: #1 Pushing blob sha256:dde5360d7a53b3c7a179388037b2f93c35cd800f60ae4dded56ca07008e288c6 0.1s done
[90m│[39m
[90m│[39m  Deploying version 20260608.4: #1 Pushing blob sha256:dac03fe0186ea04077a014a9e0f873dc323e4008cf201570d46855ff6419efa8 0.1s done
[90m│[39m
[90m│[39m  Deploying version 20260608.4: #1 Pushing blob sha256:e515f2236c81e25096cb4253b6003de942c91b2256f7bfd12285e93ad88cc690 0.1s done
[90m│[39m
[90m│[39m  Deploying version 20260608.4: #1 Pushing blob sha256:5c288477bc58cad135aaff9b27580f617e25daa92f171dca3610c984d2af6104 0.1s done
[90m│[39m
[90m│[39m  Deploying version 20260608.4: #1 Pushing blob sha256:67979aa501f2009c8d125389cf59a55c3c86cff679c72c140302de7c21b308a4 0.1s done
[90m│[39m
[90m│[39m  Deploying version 20260608.4: #1 Pushing blob sha256:f304b4a41daadb2e344f335057c71d612cb60027408bce6e2f368530478f0c7b 0.1s done
[90m│[39m
[90m│[39m  Deploying version 20260608.4: #1 Pushing blob sha256:2d75cf493b45287f365fcc6330ae68dff1a857ca09b62caf95bde44e33a4eaae 0.1s done
[90m│[39m
[90m│[39m  Deploying version 20260608.4: #1 Pushing blob sha256:6fca81df7d45a38ed26564096c3e47cb1af2e91f32f0c3024c837efe99bfaf8a 0.7s done
[90m│[39m
[90m│[39m  Deploying version 20260608.4: #1 Pushing blob sha256:bc9053526083aeefcb8c118e764e67d2ad13e0ff37d7c3b92c26579d3f4375d7 2.0s done
[90m│[39m
[90m│[39m  Deploying version 20260608.4: #1 Pushing manifest sha256:c213f68f58e59fabff7306caf5a32dac336c10b9ff5af675373a67a15cdd991d
[90m│[39m
[90m│[39m  Deploying version 20260608.4: #1 Pushing manifest sha256:c213f68f58e59fabff7306caf5a32dac336c10b9ff5af675373a67a15cdd991d 0.2s done
[90m│[39m
[90m│[39m  Deploying version 20260608.4: #1 DONE 2.5s
[90m│[39m
[90m│[39m  Successfully deployed version 20260608.4
[90m│[39m
[90m└[39m  Version 20260608.4 deployed with 23 detected tasks 

View deployment
https://cloud.trigger.dev/projects/v3/proj_vorkjqmnnpkzoiqqgbuu/deployments/4hjmfd4d

Test tasks
https://cloud.trigger.dev/projects/v3/proj_vorkjqmnnpkzoiqqgbuu/test?environment=prod
